PS D:\> cd .\Projects\
PS D:\Projects> ls


    Directory: D:\Projects


Mode                 LastWriteTime         Length Name
----                 -------------         ------ ----
d-----        31-07-2022  07:30 PM                AutomatedHotel
d-----        29-06-2022  08:11 PM                Data_analysis_with _pandas
d-----        09-07-2022  10:06 PM                FlaskAPI
d-----        13-05-2022  11:22 AM                Laravel
d-----        06-07-2022  10:46 PM                Python


PS D:\Projects> cd .\AutomatedHotel\
PS D:\Projects\AutomatedHotel> python manage.py runserver
D:\Program files D\python.exe: can't open file 'D:\\Projects\\AutomatedHotel\\manage.py': [Errno 2] No such file or directory
PS D:\Projects\AutomatedHotel> ls


    Directory: D:\Projects\AutomatedHotel


Mode                 LastWriteTime         Length Name
----                 -------------         ------ ----
d-----        31-07-2022  07:30 PM                core
d-----        27-07-2022  12:03 PM                datasets
d-----        29-07-2022  11:25 AM                django-rest-framework-datatables
d-----        02-08-2022  08:03 PM                s7p2


PS D:\Projects\AutomatedHotel> cd 27p2
cd : Cannot find path 'D:\Projects\AutomatedHotel\27p2' because it does not exist.
At line:1 char:1
+ cd 27p2
+ ~~~~~~~
    + CategoryInfo          : ObjectNotFound: (D:\Projects\AutomatedHotel\27p2:String) [Set-Location], ItemNotFoundExc
   eption
    + FullyQualifiedErrorId : PathNotFound,Microsoft.PowerShell.Commands.SetLocationCommand

PS D:\Projects\AutomatedHotel> cd .\s7p2\
PS D:\Projects\AutomatedHotel\s7p2> python manage.py runserver
Watching for file changes with StatReloader
Performing system checks...

System check identified no issues (0 silenced).
August 06, 2022 - 11:48:10
Django version 4.0.6, using settings 'automatedhotel.settings'
Starting development server at http://127.0.0.1:8000/
Quit the server with CTRL-BREAK.
[06/Aug/2022 11:48:15] "GET / HTTP/1.1" 302 0
[06/Aug/2022 11:48:15] "GET /hotel-dashboard/ HTTP/1.1" 200 23833
[06/Aug/2022 11:48:16] "GET /static/core/js/chart.js HTTP/1.1" 304 0
[06/Aug/2022 11:48:16] "GET /static/core/js/Chart.Zoom.min.js HTTP/1.1" 304 0
[06/Aug/2022 11:48:16] "GET /static/core/images/dashboard/loading.gif HTTP/1.1" 304 0
[06/Aug/2022 11:48:16] "GET /static/core/images/logo.svg HTTP/1.1" 304 0
[06/Aug/2022 11:48:16] "GET /static/core/images/logo.png HTTP/1.1" 304 0
[06/Aug/2022 11:48:16] "GET /static/core/images/dashboard/loading-min.gif HTTP/1.1" 304 0
D:\Program files D\lib\site-packages\django\db\models\fields\__init__.py:1534: RuntimeWarning: DateTimeField FoodOrder.created_at received a naive datetime (2021-04-10 00:00:00) while time zone support is active.
  warnings.warn(
D:\Program files D\lib\site-packages\django\db\models\fields\__init__.py:1534: RuntimeWarning: DateTimeField FoodOrder.created_at received a naive datetime (2022-06-30 00:00:00) while time zone support is active.
  warnings.warn(
[06/Aug/2022 11:48:16] "GET /api/get-linechart-data HTTP/1.1" 200 3670
[06/Aug/2022 11:49:32] "GET /analytics/areachart HTTP/1.1" 200 45335
[06/Aug/2022 11:49:32] "GET /static/core/js/jquery-dateformat.min.js HTTP/1.1" 304 0
D:\Program files D\lib\site-packages\django\db\models\fields\__init__.py:1534: RuntimeWarning: DateTimeField FoodOrder.created_at received a naive datetime (2022-05-31 00:00:00) while time zone support is active.
  warnings.warn(
D:\Program files D\lib\site-packages\django\db\models\fields\__init__.py:1534: RuntimeWarning: DateTimeField FoodOrder.created_at received a naive datetime (2022-06-03 00:00:00) while time zone support is active.
  warnings.warn(
[06/Aug/2022 11:49:33] "GET /api/get-multiareachart-data?csrfmiddlewaretoken=MfHe5EuoqNuMKLaZZFyq3iKC5sbNAE4UqXBIo2IBcdAlatGOInls9FKyI96nmjqk HTTP/1.1" 200 655
D:\Program files D\lib\site-packages\django\db\models\fields\__init__.py:1534: RuntimeWarning: DateTimeField FoodOrder.created_at received a naive datetime (2022-05-31 00:00:00) while time zone support is active.
  warnings.warn(
D:\Program files D\lib\site-packages\django\db\models\fields\__init__.py:1534: RuntimeWarning: DateTimeField FoodOrder.created_at received a naive datetime (2022-08-07 00:00:00) while time zone support is active.
  warnings.warn(
[06/Aug/2022 11:50:06] "POST /api/get-multiareachart-data HTTP/1.1" 200 4562
D:\Program files D\lib\site-packages\django\db\models\fields\__init__.py:1534: RuntimeWarning: DateTimeField FoodOrder.created_at received a naive datetime (2022-06-30 00:00:00) while time zone support is active.
  warnings.warn(
D:\Program files D\lib\site-packages\django\db\models\fields\__init__.py:1534: RuntimeWarning: DateTimeField FoodOrder.created_at received a naive datetime (2022-08-07 00:00:00) while time zone support is active.
  warnings.warn(
[06/Aug/2022 11:50:27] "POST /api/get-multiareachart-data HTTP/1.1" 200 458
D:\Program files D\lib\site-packages\django\db\models\fields\__init__.py:1534: RuntimeWarning: DateTimeField FoodOrder.created_at received a naive datetime (2022-06-30 00:00:00) while time zone support is active.
  warnings.warn(
D:\Program files D\lib\site-packages\django\db\models\fields\__init__.py:1534: RuntimeWarning: DateTimeField FoodOrder.created_at received a naive datetime (2022-08-07 00:00:00) while time zone support is active.
  warnings.warn(
[06/Aug/2022 11:50:45] "POST /api/get-multiareachart-data HTTP/1.1" 200 851
[06/Aug/2022 11:53:58] "GET /analytics/areachart HTTP/1.1" 200 45556
D:\Program files D\lib\site-packages\django\db\models\fields\__init__.py:1534: RuntimeWarning: DateTimeField FoodOrder.created_at received a naive datetime (2022-05-31 00:00:00) while time zone support is active.
  warnings.warn(
D:\Program files D\lib\site-packages\django\db\models\fields\__init__.py:1534: RuntimeWarning: DateTimeField FoodOrder.created_at received a naive datetime (2022-06-03 00:00:00) while time zone support is active.
  warnings.warn(
[06/Aug/2022 11:53:58] "GET /api/get-multiareachart-data?csrfmiddlewaretoken=KiaxUOCqInnN8wqFnNtU86neEbwgbUUSo041dcQDuNtmyeWu6vgWetnahSrQXzgi HTTP/1.1" 200 661
[06/Aug/2022 11:54:08] "GET /analytics/areachart HTTP/1.1" 200 45556
D:\Program files D\lib\site-packages\django\db\models\fields\__init__.py:1534: RuntimeWarning: DateTimeField FoodOrder.created_at received a naive datetime (2022-05-31 00:00:00) while time zone support is active.
  warnings.warn(
D:\Program files D\lib\site-packages\django\db\models\fields\__init__.py:1534: RuntimeWarning: DateTimeField FoodOrder.created_at received a naive datetime (2022-06-03 00:00:00) while time zone support is active.
  warnings.warn(
[06/Aug/2022 11:54:08] "GET /api/get-multiareachart-data?csrfmiddlewaretoken=EEoRhrX5mSC28YvWD9vY5B8VhuhT3hW8imilAPbi8iIByG1LmRi0bY8RUbctPWiy HTTP/1.1" 200 659
[06/Aug/2022 11:54:44] "GET /static/core/vendors/progressbar.js/progressbar.min.js.map HTTP/1.1" 404 1909
[06/Aug/2022 11:54:44] "GET /static/core/vendors/js/perfect-scrollbar.min.js.map HTTP/1.1" 404 1891
[06/Aug/2022 11:54:44] "GET /static/core/vendors/mdi/css/materialdesignicons.css.map HTTP/1.1" 404 1903
[06/Aug/2022 11:54:44] "GET /static/core/css/maps/vertical-layout-light/style.css.map HTTP/1.1" 200 1524202
[06/Aug/2022 11:55:59] "GET /analytics/areachart HTTP/1.1" 200 45606
[06/Aug/2022 11:55:59] "GET /static/core/vendors/mdi/css/materialdesignicons.css.map HTTP/1.1" 404 1903
[06/Aug/2022 11:55:59] "GET /static/core/css/maps/vertical-layout-light/style.css.map HTTP/1.1" 200 1524202
[06/Aug/2022 11:55:59] "GET /static/core/vendors/js/perfect-scrollbar.min.js.map HTTP/1.1" 404 1891
[06/Aug/2022 11:56:00] "GET /static/core/vendors/progressbar.js/progressbar.min.js.map HTTP/1.1" 404 1909
D:\Program files D\lib\site-packages\django\db\models\fields\__init__.py:1534: RuntimeWarning: DateTimeField FoodOrder.created_at received a naive datetime (2022-05-31 00:00:00) while time zone support is active.
  warnings.warn(
D:\Program files D\lib\site-packages\django\db\models\fields\__init__.py:1534: RuntimeWarning: DateTimeField FoodOrder.created_at received a naive datetime (2022-06-03 00:00:00) while time zone support is active.
  warnings.warn(
[06/Aug/2022 11:56:00] "GET /api/get-multiareachart-data?csrfmiddlewaretoken=ij08Y4Mr6LeDTGMVW12elzE24e1U4BspW1UChs0ESbkcjoiKFJPgrWEYHVWuQgOP HTTP/1.1" 200 657
[06/Aug/2022 11:56:23] "GET /static/core/vendors/js/perfect-scrollbar.min.js.map HTTP/1.1" 404 1891
[06/Aug/2022 11:56:23] "GET /static/core/vendors/progressbar.js/progressbar.min.js.map HTTP/1.1" 404 1909
[06/Aug/2022 11:56:23] "GET /static/core/vendors/mdi/css/materialdesignicons.css.map HTTP/1.1" 404 1903
[06/Aug/2022 11:56:23] "GET /static/core/css/maps/vertical-layout-light/style.css.map HTTP/1.1" 200 1524202
[06/Aug/2022 11:56:48] "GET /analytics/areachart HTTP/1.1" 200 45610
[06/Aug/2022 11:56:48] "GET /static/core/vendors/mdi/css/materialdesignicons.css.map HTTP/1.1" 404 1903
[06/Aug/2022 11:56:48] "GET /static/core/css/maps/vertical-layout-light/style.css.map HTTP/1.1" 200 1524202
[06/Aug/2022 11:56:48] "GET /static/core/vendors/js/perfect-scrollbar.min.js.map HTTP/1.1" 404 1891
[06/Aug/2022 11:56:48] "GET /static/core/vendors/progressbar.js/progressbar.min.js.map HTTP/1.1" 404 1909
D:\Program files D\lib\site-packages\django\db\models\fields\__init__.py:1534: RuntimeWarning: DateTimeField FoodOrder.created_at received a naive datetime (2022-05-31 00:00:00) while time zone support is active.
  warnings.warn(
D:\Program files D\lib\site-packages\django\db\models\fields\__init__.py:1534: RuntimeWarning: DateTimeField FoodOrder.created_at received a naive datetime (2022-06-03 00:00:00) while time zone support is active.
  warnings.warn(
[06/Aug/2022 11:56:49] "GET /api/get-multiareachart-data?csrfmiddlewaretoken=Xw4uw2BhZPWKjIDFesWvGJPbmb0kBZ1iBeYYPqPuLf2jJq9uXaJxM6P7ZSVUnEnI HTTP/1.1" 200 657
[06/Aug/2022 11:57:35] "GET /analytics/areachart HTTP/1.1" 200 45631
[06/Aug/2022 11:57:35] "GET /static/core/vendors/mdi/css/materialdesignicons.css.map HTTP/1.1" 404 1903
[06/Aug/2022 11:57:35] "GET /static/core/css/maps/vertical-layout-light/style.css.map HTTP/1.1" 200 1524202
[06/Aug/2022 11:57:35] "GET /static/core/vendors/js/perfect-scrollbar.min.js.map HTTP/1.1" 404 1891
[06/Aug/2022 11:57:36] "GET /static/core/vendors/progressbar.js/progressbar.min.js.map HTTP/1.1" 404 1909
D:\Program files D\lib\site-packages\django\db\models\fields\__init__.py:1534: RuntimeWarning: DateTimeField FoodOrder.created_at received a naive datetime (2022-05-31 00:00:00) while time zone support is active.
  warnings.warn(
D:\Program files D\lib\site-packages\django\db\models\fields\__init__.py:1534: RuntimeWarning: DateTimeField FoodOrder.created_at received a naive datetime (2022-06-03 00:00:00) while time zone support is active.
  warnings.warn(
[06/Aug/2022 11:57:36] "GET /api/get-multiareachart-data?csrfmiddlewaretoken=x9fQ6iIiyzJMV3rsJ3Twpz8GIgJNF8HlbR9kpGWvkZPllLXhsLGyvW8ClXEnrN3L HTTP/1.1" 200 655
[06/Aug/2022 11:57:43] "GET /analytics/areachart HTTP/1.1" 200 45632
[06/Aug/2022 11:57:44] "GET /static/core/vendors/mdi/css/materialdesignicons.css.map HTTP/1.1" 404 1903
[06/Aug/2022 11:57:44] "GET /static/core/css/maps/vertical-layout-light/style.css.map HTTP/1.1" 200 1524202
[06/Aug/2022 11:57:44] "GET /static/core/vendors/js/perfect-scrollbar.min.js.map HTTP/1.1" 404 1891
[06/Aug/2022 11:57:44] "GET /static/core/vendors/progressbar.js/progressbar.min.js.map HTTP/1.1" 404 1909
D:\Program files D\lib\site-packages\django\db\models\fields\__init__.py:1534: RuntimeWarning: DateTimeField FoodOrder.created_at received a naive datetime (2022-05-31 00:00:00) while time zone support is active.
  warnings.warn(
D:\Program files D\lib\site-packages\django\db\models\fields\__init__.py:1534: RuntimeWarning: DateTimeField FoodOrder.created_at received a naive datetime (2022-06-03 00:00:00) while time zone support is active.
  warnings.warn(
[06/Aug/2022 11:57:44] "GET /api/get-multiareachart-data?csrfmiddlewaretoken=32CQ6iexjX5ep3c4pYOexMQUievkMKYyHKwkpGsK5nbNPLIT8GBgD9QQVVqUypkY HTTP/1.1" 200 659
[06/Aug/2022 11:57:53] "GET /analytics/areachart HTTP/1.1" 200 45631
[06/Aug/2022 11:57:53] "GET /static/core/vendors/mdi/css/materialdesignicons.css.map HTTP/1.1" 404 1903
[06/Aug/2022 11:57:53] "GET /static/core/css/maps/vertical-layout-light/style.css.map HTTP/1.1" 200 1524202
[06/Aug/2022 11:57:53] "GET /static/core/vendors/js/perfect-scrollbar.min.js.map HTTP/1.1" 404 1891
[06/Aug/2022 11:57:53] "GET /static/core/vendors/progressbar.js/progressbar.min.js.map HTTP/1.1" 404 1909
D:\Program files D\lib\site-packages\django\db\models\fields\__init__.py:1534: RuntimeWarning: DateTimeField FoodOrder.created_at received a naive datetime (2022-05-31 00:00:00) while time zone support is active.
  warnings.warn(
D:\Program files D\lib\site-packages\django\db\models\fields\__init__.py:1534: RuntimeWarning: DateTimeField FoodOrder.created_at received a naive datetime (2022-06-03 00:00:00) while time zone support is active.
  warnings.warn(
[06/Aug/2022 11:57:53] "GET /api/get-multiareachart-data?csrfmiddlewaretoken=maoC6N4YKx2LpNzFOMpX5KKDn8ERHx0d0Si6pbibwX8kPv5uxucZb7Kz0PzrtcmD HTTP/1.1" 200 657
[06/Aug/2022 11:58:13] "GET /analytics/areachart HTTP/1.1" 200 45622
[06/Aug/2022 11:58:14] "GET /static/core/vendors/mdi/css/materialdesignicons.css.map HTTP/1.1" 404 1903
[06/Aug/2022 11:58:14] "GET /static/core/css/maps/vertical-layout-light/style.css.map HTTP/1.1" 200 1524202
[06/Aug/2022 11:58:14] "GET /static/core/vendors/js/perfect-scrollbar.min.js.map HTTP/1.1" 404 1891
[06/Aug/2022 11:58:14] "GET /static/core/vendors/progressbar.js/progressbar.min.js.map HTTP/1.1" 404 1909
D:\Program files D\lib\site-packages\django\db\models\fields\__init__.py:1534: RuntimeWarning: DateTimeField FoodOrder.created_at received a naive datetime (2022-05-31 00:00:00) while time zone support is active.
  warnings.warn(
D:\Program files D\lib\site-packages\django\db\models\fields\__init__.py:1534: RuntimeWarning: DateTimeField FoodOrder.created_at received a naive datetime (2022-06-03 00:00:00) while time zone support is active.
  warnings.warn(
[06/Aug/2022 11:58:14] "GET /api/get-multiareachart-data?csrfmiddlewaretoken=VNcFFDTXwkKcEoAMX9YXBAi2etYOQpbrzv69Y17aiKQL466BGRLZHXiYRaToC4xR HTTP/1.1" 200 659
[06/Aug/2022 11:58:31] "GET /analytics/areachart HTTP/1.1" 200 45632
[06/Aug/2022 11:58:32] "GET /static/core/vendors/mdi/css/materialdesignicons.css.map HTTP/1.1" 404 1903
[06/Aug/2022 11:58:32] "GET /static/core/css/maps/vertical-layout-light/style.css.map HTTP/1.1" 200 1524202
[06/Aug/2022 11:58:32] "GET /static/core/vendors/js/perfect-scrollbar.min.js.map HTTP/1.1" 404 1891
[06/Aug/2022 11:58:32] "GET /static/core/vendors/progressbar.js/progressbar.min.js.map HTTP/1.1" 404 1909
D:\Program files D\lib\site-packages\django\db\models\fields\__init__.py:1534: RuntimeWarning: DateTimeField FoodOrder.created_at received a naive datetime (2022-05-31 00:00:00) while time zone support is active.
  warnings.warn(
D:\Program files D\lib\site-packages\django\db\models\fields\__init__.py:1534: RuntimeWarning: DateTimeField FoodOrder.created_at received a naive datetime (2022-06-03 00:00:00) while time zone support is active.
  warnings.warn(
[06/Aug/2022 11:58:32] "GET /api/get-multiareachart-data?csrfmiddlewaretoken=s1pb9QxszrcrVIQt1CrojhmH1FovIjzz6JjFseLFlRi0lqmiKkeqpEmDEmj5uYVZ HTTP/1.1" 200 659
[06/Aug/2022 11:58:53] "GET /analytics/areachart HTTP/1.1" 200 45609
[06/Aug/2022 11:58:53] "GET /static/core/vendors/mdi/css/materialdesignicons.css.map HTTP/1.1" 404 1903
[06/Aug/2022 11:58:53] "GET /static/core/css/maps/vertical-layout-light/style.css.map HTTP/1.1" 200 1524202
[06/Aug/2022 11:58:53] "GET /static/core/vendors/js/perfect-scrollbar.min.js.map HTTP/1.1" 404 1891
[06/Aug/2022 11:58:54] "GET /static/core/vendors/progressbar.js/progressbar.min.js.map HTTP/1.1" 404 1909
D:\Program files D\lib\site-packages\django\db\models\fields\__init__.py:1534: RuntimeWarning: DateTimeField FoodOrder.created_at received a naive datetime (2022-05-31 00:00:00) while time zone support is active.
  warnings.warn(
D:\Program files D\lib\site-packages\django\db\models\fields\__init__.py:1534: RuntimeWarning: DateTimeField FoodOrder.created_at received a naive datetime (2022-06-03 00:00:00) while time zone support is active.
  warnings.warn(
[06/Aug/2022 11:58:54] "GET /api/get-multiareachart-data?csrfmiddlewaretoken=WYlkpFYvNSjFpGdrvBO9fxGXHGzPVs6JAGfOI3cIzipePoJgejBblUGTknupH7s9 HTTP/1.1" 200 661
[06/Aug/2022 12:00:08] "GET /analytics/areachart HTTP/1.1" 200 45609
[06/Aug/2022 12:00:09] "GET /static/core/vendors/mdi/css/materialdesignicons.css.map HTTP/1.1" 404 1903
[06/Aug/2022 12:00:09] "GET /static/core/css/maps/vertical-layout-light/style.css.map HTTP/1.1" 200 1524202
[06/Aug/2022 12:00:09] "GET /static/core/vendors/js/perfect-scrollbar.min.js.map HTTP/1.1" 404 1891
[06/Aug/2022 12:00:09] "GET /static/core/vendors/progressbar.js/progressbar.min.js.map HTTP/1.1" 404 1909
D:\Program files D\lib\site-packages\django\db\models\fields\__init__.py:1534: RuntimeWarning: DateTimeField FoodOrder.created_at received a naive datetime (2022-05-31 00:00:00) while time zone support is active.
  warnings.warn(
D:\Program files D\lib\site-packages\django\db\models\fields\__init__.py:1534: RuntimeWarning: DateTimeField FoodOrder.created_at received a naive datetime (2022-06-03 00:00:00) while time zone support is active.
  warnings.warn(
[06/Aug/2022 12:00:09] "GET /api/get-multiareachart-data?csrfmiddlewaretoken=BE5qsrl67MstYEmPNSVkdiVuUaoxWDL4fmZULPzjTcy2omSEwAImjFVqxRj7Ii7u HTTP/1.1" 200 659
[06/Aug/2022 12:01:00] "GET /analytics/areachart HTTP/1.1" 200 45633
[06/Aug/2022 12:01:01] "GET /static/core/vendors/mdi/css/materialdesignicons.css.map HTTP/1.1" 404 1903
[06/Aug/2022 12:01:01] "GET /static/core/css/maps/vertical-layout-light/style.css.map HTTP/1.1" 200 1524202
[06/Aug/2022 12:01:01] "GET /static/core/vendors/js/perfect-scrollbar.min.js.map HTTP/1.1" 404 1891
[06/Aug/2022 12:01:01] "GET /static/core/vendors/progressbar.js/progressbar.min.js.map HTTP/1.1" 404 1909
D:\Program files D\lib\site-packages\django\db\models\fields\__init__.py:1534: RuntimeWarning: DateTimeField FoodOrder.created_at received a naive datetime (2022-05-31 00:00:00) while time zone support is active.
  warnings.warn(
D:\Program files D\lib\site-packages\django\db\models\fields\__init__.py:1534: RuntimeWarning: DateTimeField FoodOrder.created_at received a naive datetime (2022-06-03 00:00:00) while time zone support is active.
  warnings.warn(
[06/Aug/2022 12:01:01] "GET /api/get-multiareachart-data?csrfmiddlewaretoken=c0yCYQpdVVwU2vjjTTgA1DvwEgdZGG1cQIs6heDqHlCtsdP8CB3C70vshX8zslnC HTTP/1.1" 200 659
[06/Aug/2022 12:01:10] "GET /analytics/areachart HTTP/1.1" 200 45640
[06/Aug/2022 12:01:11] "GET /static/core/vendors/mdi/css/materialdesignicons.css.map HTTP/1.1" 404 1903
[06/Aug/2022 12:01:11] "GET /static/core/css/maps/vertical-layout-light/style.css.map HTTP/1.1" 200 1524202
[06/Aug/2022 12:01:11] "GET /static/core/vendors/js/perfect-scrollbar.min.js.map HTTP/1.1" 404 1891
[06/Aug/2022 12:01:11] "GET /static/core/vendors/progressbar.js/progressbar.min.js.map HTTP/1.1" 404 1909
D:\Program files D\lib\site-packages\django\db\models\fields\__init__.py:1534: RuntimeWarning: DateTimeField FoodOrder.created_at received a naive datetime (2022-05-31 00:00:00) while time zone support is active.
  warnings.warn(
D:\Program files D\lib\site-packages\django\db\models\fields\__init__.py:1534: RuntimeWarning: DateTimeField FoodOrder.created_at received a naive datetime (2022-06-03 00:00:00) while time zone support is active.
  warnings.warn(
[06/Aug/2022 12:01:11] "GET /api/get-multiareachart-data?csrfmiddlewaretoken=KOGNNs6MKT13yAPB3dolTDb1DOvP2PPCowAh6QkZwj7CYilqMVbnZ0bXgvqpOub2 HTTP/1.1" 200 655
[06/Aug/2022 12:01:44] "GET /static/core/vendors/js/perfect-scrollbar.min.js.map HTTP/1.1" 404 1891
[06/Aug/2022 12:01:44] "GET /static/core/vendors/progressbar.js/progressbar.min.js.map HTTP/1.1" 404 1909
[06/Aug/2022 12:01:44] "GET /static/core/vendors/mdi/css/materialdesignicons.css.map HTTP/1.1" 404 1903
[06/Aug/2022 12:01:44] "GET /static/core/css/maps/vertical-layout-light/style.css.map HTTP/1.1" 200 1524202
[06/Aug/2022 12:02:12] "GET /analytics/areachart HTTP/1.1" 200 45635
[06/Aug/2022 12:02:12] "GET /static/core/vendors/mdi/css/materialdesignicons.css.map HTTP/1.1" 404 1903
[06/Aug/2022 12:02:12] "GET /static/core/css/maps/vertical-layout-light/style.css.map HTTP/1.1" 200 1524202
[06/Aug/2022 12:02:12] "GET /static/core/vendors/js/perfect-scrollbar.min.js.map HTTP/1.1" 404 1891
[06/Aug/2022 12:02:12] "GET /static/core/vendors/progressbar.js/progressbar.min.js.map HTTP/1.1" 404 1909
D:\Program files D\lib\site-packages\django\db\models\fields\__init__.py:1534: RuntimeWarning: DateTimeField FoodOrder.created_at received a naive datetime (2022-05-31 00:00:00) while time zone support is active.
  warnings.warn(
D:\Program files D\lib\site-packages\django\db\models\fields\__init__.py:1534: RuntimeWarning: DateTimeField FoodOrder.created_at received a naive datetime (2022-06-03 00:00:00) while time zone support is active.
  warnings.warn(
[06/Aug/2022 12:02:13] "GET /api/get-multiareachart-data?csrfmiddlewaretoken=0sI3VlnydeX3VqDTDhmOgeV2zDbA3H2CEaCxeJBLZE3Cl89ImZ9QmBVYck6aPmo2 HTTP/1.1" 200 659
[06/Aug/2022 12:03:00] "GET /analytics/areachart HTTP/1.1" 200 45640
[06/Aug/2022 12:03:01] "GET /static/core/vendors/mdi/css/materialdesignicons.css.map HTTP/1.1" 404 1903
[06/Aug/2022 12:03:01] "GET /static/core/css/maps/vertical-layout-light/style.css.map HTTP/1.1" 200 1524202
[06/Aug/2022 12:03:01] "GET /static/core/vendors/js/perfect-scrollbar.min.js.map HTTP/1.1" 404 1891
[06/Aug/2022 12:03:01] "GET /static/core/vendors/progressbar.js/progressbar.min.js.map HTTP/1.1" 404 1909
D:\Program files D\lib\site-packages\django\db\models\fields\__init__.py:1534: RuntimeWarning: DateTimeField FoodOrder.created_at received a naive datetime (2022-05-31 00:00:00) while time zone support is active.
  warnings.warn(
D:\Program files D\lib\site-packages\django\db\models\fields\__init__.py:1534: RuntimeWarning: DateTimeField FoodOrder.created_at received a naive datetime (2022-06-03 00:00:00) while time zone support is active.
  warnings.warn(
[06/Aug/2022 12:03:02] "GET /api/get-multiareachart-data?csrfmiddlewaretoken=OdS6IraxqtLIk24uUiFU10XPMCEbz57bsVMA1PoKcTRhKKAjD0sW7nXLpjzLlKtB HTTP/1.1" 200 657
[06/Aug/2022 12:03:23] "GET /analytics/areachart HTTP/1.1" 200 45640
[06/Aug/2022 12:03:24] "GET /static/core/vendors/mdi/css/materialdesignicons.css.map HTTP/1.1" 404 1903
[06/Aug/2022 12:03:24] "GET /static/core/css/maps/vertical-layout-light/style.css.map HTTP/1.1" 200 1524202
[06/Aug/2022 12:03:24] "GET /static/core/vendors/js/perfect-scrollbar.min.js.map HTTP/1.1" 404 1891
[06/Aug/2022 12:03:24] "GET /static/core/vendors/progressbar.js/progressbar.min.js.map HTTP/1.1" 404 1909
D:\Program files D\lib\site-packages\django\db\models\fields\__init__.py:1534: RuntimeWarning: DateTimeField FoodOrder.created_at received a naive datetime (2022-05-31 00:00:00) while time zone support is active.
  warnings.warn(
D:\Program files D\lib\site-packages\django\db\models\fields\__init__.py:1534: RuntimeWarning: DateTimeField FoodOrder.created_at received a naive datetime (2022-06-03 00:00:00) while time zone support is active.
  warnings.warn(
[06/Aug/2022 12:03:24] "GET /api/get-multiareachart-data?csrfmiddlewaretoken=QSYQ0XSMuAwy2y8ig0Vq7M7ACiCRHLYjuASkjl6Zg0C7sgE7ZIIsd97wfZxrtqkJ HTTP/1.1" 200 659
[06/Aug/2022 12:03:36] "GET /analytics/areachart HTTP/1.1" 200 45640
[06/Aug/2022 12:03:37] "GET /static/core/vendors/mdi/css/materialdesignicons.css.map HTTP/1.1" 404 1903
[06/Aug/2022 12:03:37] "GET /static/core/css/maps/vertical-layout-light/style.css.map HTTP/1.1" 200 1524202
[06/Aug/2022 12:03:37] "GET /static/core/vendors/js/perfect-scrollbar.min.js.map HTTP/1.1" 404 1891
[06/Aug/2022 12:03:37] "GET /static/core/vendors/progressbar.js/progressbar.min.js.map HTTP/1.1" 404 1909
D:\Program files D\lib\site-packages\django\db\models\fields\__init__.py:1534: RuntimeWarning: DateTimeField FoodOrder.created_at received a naive datetime (2022-05-31 00:00:00) while time zone support is active.
  warnings.warn(
D:\Program files D\lib\site-packages\django\db\models\fields\__init__.py:1534: RuntimeWarning: DateTimeField FoodOrder.created_at received a naive datetime (2022-06-03 00:00:00) while time zone support is active.
  warnings.warn(
[06/Aug/2022 12:03:37] "GET /api/get-multiareachart-data?csrfmiddlewaretoken=73wVLvUJK94Zq7a5x3n1lWXzwfZgxf43LLqp4T8WwzayQPGUgLa3rjXv9WUQjUqt HTTP/1.1" 200 659
[06/Aug/2022 12:05:28] "GET /analytics/areachart HTTP/1.1" 200 45640
[06/Aug/2022 12:05:29] "GET /static/core/vendors/mdi/css/materialdesignicons.css.map HTTP/1.1" 404 1903
[06/Aug/2022 12:05:29] "GET /static/core/css/maps/vertical-layout-light/style.css.map HTTP/1.1" 200 1524202
[06/Aug/2022 12:05:29] "GET /static/core/vendors/js/perfect-scrollbar.min.js.map HTTP/1.1" 404 1891
[06/Aug/2022 12:05:29] "GET /static/core/vendors/progressbar.js/progressbar.min.js.map HTTP/1.1" 404 1909
D:\Program files D\lib\site-packages\django\db\models\fields\__init__.py:1534: RuntimeWarning: DateTimeField FoodOrder.created_at received a naive datetime (2022-05-31 00:00:00) while time zone support is active.
  warnings.warn(
D:\Program files D\lib\site-packages\django\db\models\fields\__init__.py:1534: RuntimeWarning: DateTimeField FoodOrder.created_at received a naive datetime (2022-06-03 00:00:00) while time zone support is active.
  warnings.warn(
[06/Aug/2022 12:05:29] "GET /api/get-multiareachart-data?csrfmiddlewaretoken=KmHKNGRs7UVWLxvyocwxEXhy4lKViIojo4Be645FTk1vbf1n7UjzKkhuH2Fv4nKJ HTTP/1.1" 200 659
[06/Aug/2022 12:05:45] "GET /analytics/areachart HTTP/1.1" 200 45640
[06/Aug/2022 12:05:45] "GET /static/core/vendors/mdi/css/materialdesignicons.css.map HTTP/1.1" 404 1903
[06/Aug/2022 12:05:45] "GET /static/core/css/maps/vertical-layout-light/style.css.map HTTP/1.1" 200 1524202
[06/Aug/2022 12:05:45] "GET /static/core/vendors/js/perfect-scrollbar.min.js.map HTTP/1.1" 404 1891
[06/Aug/2022 12:05:45] "GET /static/core/vendors/progressbar.js/progressbar.min.js.map HTTP/1.1" 404 1909
D:\Program files D\lib\site-packages\django\db\models\fields\__init__.py:1534: RuntimeWarning: DateTimeField FoodOrder.created_at received a naive datetime (2022-05-31 00:00:00) while time zone support is active.
  warnings.warn(
D:\Program files D\lib\site-packages\django\db\models\fields\__init__.py:1534: RuntimeWarning: DateTimeField FoodOrder.created_at received a naive datetime (2022-06-03 00:00:00) while time zone support is active.
  warnings.warn(
[06/Aug/2022 12:05:45] "GET /api/get-multiareachart-data?csrfmiddlewaretoken=FyGBWJlagYrY639sI7UK1mszni9t3ZXSjgA5f7zn2oxxwLFhrPHM7Jsv0Z43PEji HTTP/1.1" 200 659
[06/Aug/2022 12:05:49] "GET /hotel-table HTTP/1.1" 200 18656
[06/Aug/2022 12:05:49] "GET /static/core/vendors/mdi/css/materialdesignicons.css.map HTTP/1.1" 404 1903
[06/Aug/2022 12:05:49] "GET /static/core/css/maps/vertical-layout-light/style.css.map HTTP/1.1" 200 1524202
[06/Aug/2022 12:05:49] "GET /static/core/vendors/js/perfect-scrollbar.min.js.map HTTP/1.1" 404 1891
[06/Aug/2022 12:05:49] "GET /static/core/vendors/progressbar.js/progressbar.min.js.map HTTP/1.1" 404 1909
[06/Aug/2022 12:06:30] "GET /hotel-table HTTP/1.1" 200 18656
[06/Aug/2022 12:06:31] "GET /static/core/vendors/mdi/css/materialdesignicons.css.map HTTP/1.1" 404 1903
[06/Aug/2022 12:06:31] "GET /static/core/css/maps/vertical-layout-light/style.css.map HTTP/1.1" 200 1524202
[06/Aug/2022 12:06:31] "GET /static/core/vendors/js/perfect-scrollbar.min.js.map HTTP/1.1" 404 1891
[06/Aug/2022 12:06:31] "GET /static/core/vendors/progressbar.js/progressbar.min.js.map HTTP/1.1" 404 1909
[06/Aug/2022 12:06:47] "GET /hotel-table HTTP/1.1" 200 18656
[06/Aug/2022 12:06:48] "GET /static/core/vendors/mdi/css/materialdesignicons.css.map HTTP/1.1" 404 1903
[06/Aug/2022 12:06:48] "GET /static/core/css/maps/vertical-layout-light/style.css.map HTTP/1.1" 200 1524202
[06/Aug/2022 12:06:48] "GET /static/core/vendors/js/perfect-scrollbar.min.js.map HTTP/1.1" 404 1891
[06/Aug/2022 12:06:48] "GET /static/core/vendors/progressbar.js/progressbar.min.js.map HTTP/1.1" 404 1909
[06/Aug/2022 12:07:02] "GET /hotel-table HTTP/1.1" 200 18656
[06/Aug/2022 12:07:03] "GET /static/core/vendors/mdi/css/materialdesignicons.css.map HTTP/1.1" 404 1903
[06/Aug/2022 12:07:03] "GET /static/core/css/maps/vertical-layout-light/style.css.map HTTP/1.1" 200 1524202
[06/Aug/2022 12:07:03] "GET /static/core/vendors/js/perfect-scrollbar.min.js.map HTTP/1.1" 404 1891
[06/Aug/2022 12:07:03] "GET /static/core/vendors/progressbar.js/progressbar.min.js.map HTTP/1.1" 404 1909
[06/Aug/2022 12:07:25] "GET /static/core/vendors/js/perfect-scrollbar.min.js.map HTTP/1.1" 404 1891
[06/Aug/2022 12:07:25] "GET /static/core/vendors/progressbar.js/progressbar.min.js.map HTTP/1.1" 404 1909
[06/Aug/2022 12:07:25] "GET /static/core/vendors/mdi/css/materialdesignicons.css.map HTTP/1.1" 404 1903
[06/Aug/2022 12:07:25] "GET /static/core/css/maps/vertical-layout-light/style.css.map HTTP/1.1" 200 1524202
[06/Aug/2022 12:07:32] "GET /analytics/areachart HTTP/1.1" 200 45640
[06/Aug/2022 12:07:32] "GET /static/core/vendors/mdi/css/materialdesignicons.css.map HTTP/1.1" 404 1903
[06/Aug/2022 12:07:33] "GET /static/core/css/maps/vertical-layout-light/style.css.map HTTP/1.1" 200 1524202
[06/Aug/2022 12:07:33] "GET /static/core/vendors/js/perfect-scrollbar.min.js.map HTTP/1.1" 404 1891
[06/Aug/2022 12:07:33] "GET /static/core/vendors/progressbar.js/progressbar.min.js.map HTTP/1.1" 404 1909
D:\Program files D\lib\site-packages\django\db\models\fields\__init__.py:1534: RuntimeWarning: DateTimeField FoodOrder.created_at received a naive datetime (2022-05-31 00:00:00) while time zone support is active.
  warnings.warn(
D:\Program files D\lib\site-packages\django\db\models\fields\__init__.py:1534: RuntimeWarning: DateTimeField FoodOrder.created_at received a naive datetime (2022-06-03 00:00:00) while time zone support is active.
  warnings.warn(
[06/Aug/2022 12:07:33] "GET /api/get-multiareachart-data?csrfmiddlewaretoken=287bmc1XG38XpbmaH2zMnFDQaz2QtpR8GQ1FFAfastewPTSZqKmOt2DMNgXqf4dy HTTP/1.1" 200 659
[06/Aug/2022 12:08:19] "GET /analytics/areachart HTTP/1.1" 200 45593
[06/Aug/2022 12:08:19] "GET /static/core/vendors/mdi/css/materialdesignicons.css.map HTTP/1.1" 404 1903
[06/Aug/2022 12:08:19] "GET /static/core/css/maps/vertical-layout-light/style.css.map HTTP/1.1" 200 1524202
[06/Aug/2022 12:08:19] "GET /static/core/vendors/js/perfect-scrollbar.min.js.map HTTP/1.1" 404 1891
[06/Aug/2022 12:08:19] "GET /static/core/vendors/progressbar.js/progressbar.min.js.map HTTP/1.1" 404 1909
D:\Program files D\lib\site-packages\django\db\models\fields\__init__.py:1534: RuntimeWarning: DateTimeField FoodOrder.created_at received a naive datetime (2022-05-31 00:00:00) while time zone support is active.
  warnings.warn(
D:\Program files D\lib\site-packages\django\db\models\fields\__init__.py:1534: RuntimeWarning: DateTimeField FoodOrder.created_at received a naive datetime (2022-06-03 00:00:00) while time zone support is active.
  warnings.warn(
[06/Aug/2022 12:08:20] "GET /api/get-multiareachart-data?csrfmiddlewaretoken=fJJJvx1OkgdLEev0EetZ5nJIMqibRA4cTrDdOVf16Gjk4W1PnWg1bKJEp7dLDfqC HTTP/1.1" 200 657
[06/Aug/2022 12:08:50] "GET /analytics/areachart HTTP/1.1" 200 45640
[06/Aug/2022 12:08:50] "GET /static/core/vendors/mdi/css/materialdesignicons.css.map HTTP/1.1" 404 1903
[06/Aug/2022 12:08:50] "GET /static/core/css/maps/vertical-layout-light/style.css.map HTTP/1.1" 200 1524202
[06/Aug/2022 12:08:50] "GET /static/core/vendors/js/perfect-scrollbar.min.js.map HTTP/1.1" 404 1891
[06/Aug/2022 12:08:50] "GET /static/core/vendors/progressbar.js/progressbar.min.js.map HTTP/1.1" 404 1909
D:\Program files D\lib\site-packages\django\db\models\fields\__init__.py:1534: RuntimeWarning: DateTimeField FoodOrder.created_at received a naive datetime (2022-05-31 00:00:00) while time zone support is active.
  warnings.warn(
D:\Program files D\lib\site-packages\django\db\models\fields\__init__.py:1534: RuntimeWarning: DateTimeField FoodOrder.created_at received a naive datetime (2022-06-03 00:00:00) while time zone support is active.
  warnings.warn(
[06/Aug/2022 12:08:51] "GET /api/get-multiareachart-data?csrfmiddlewaretoken=0N8xowxC4ojJLt7tewEGbkzVj1IsV1alEv21HULPQOpibbDiXerIhHzRWID2HGwL HTTP/1.1" 200 657
[06/Aug/2022 12:09:19] "GET /analytics/areachart HTTP/1.1" 200 45640
[06/Aug/2022 12:09:19] "GET /static/core/vendors/mdi/css/materialdesignicons.css.map HTTP/1.1" 404 1903
[06/Aug/2022 12:09:19] "GET /static/core/css/maps/vertical-layout-light/style.css.map HTTP/1.1" 200 1524202
[06/Aug/2022 12:09:20] "GET /static/core/vendors/js/perfect-scrollbar.min.js.map HTTP/1.1" 404 1891
[06/Aug/2022 12:09:20] "GET /static/core/vendors/progressbar.js/progressbar.min.js.map HTTP/1.1" 404 1909
D:\Program files D\lib\site-packages\django\db\models\fields\__init__.py:1534: RuntimeWarning: DateTimeField FoodOrder.created_at received a naive datetime (2022-05-31 00:00:00) while time zone support is active.
  warnings.warn(
D:\Program files D\lib\site-packages\django\db\models\fields\__init__.py:1534: RuntimeWarning: DateTimeField FoodOrder.created_at received a naive datetime (2022-06-03 00:00:00) while time zone support is active.
  warnings.warn(
[06/Aug/2022 12:09:20] "GET /api/get-multiareachart-data?csrfmiddlewaretoken=JoeSAhSFkJIO4cVhFHMbpkGeuBBEtpgan68mTF6S69OnuUr6opzdvHGa7iwef4CA HTTP/1.1" 200 657
[06/Aug/2022 12:10:28] "GET /analytics/areachart HTTP/1.1" 200 45626
D:\Program files D\lib\site-packages\django\db\models\fields\__init__.py:1534: RuntimeWarning: DateTimeField FoodOrder.created_at received a naive datetime (2022-05-31 00:00:00) while time zone support is active.
  warnings.warn(
D:\Program files D\lib\site-packages\django\db\models\fields\__init__.py:1534: RuntimeWarning: DateTimeField FoodOrder.created_at received a naive datetime (2022-06-03 00:00:00) while time zone support is active.
  warnings.warn(
[06/Aug/2022 12:10:28] "GET /api/get-multiareachart-data?csrfmiddlewaretoken=tDIGM6tmDBWZExYnQZKFXRCpOpr5MeLH7lCa5uHzp12y4fuczHxH3eClr6mFyT77 HTTP/1.1" 200 659
[06/Aug/2022 12:10:37] "GET /analytics/areachart HTTP/1.1" 200 45618
D:\Program files D\lib\site-packages\django\db\models\fields\__init__.py:1534: RuntimeWarning: DateTimeField FoodOrder.created_at received a naive datetime (2022-05-31 00:00:00) while time zone support is active.
  warnings.warn(
D:\Program files D\lib\site-packages\django\db\models\fields\__init__.py:1534: RuntimeWarning: DateTimeField FoodOrder.created_at received a naive datetime (2022-06-03 00:00:00) while time zone support is active.
  warnings.warn(
[06/Aug/2022 12:10:38] "GET /api/get-multiareachart-data?csrfmiddlewaretoken=xMJ6zO9gZdli1fcGUMGjTXkFgdjpySg3buDAScntLDrRrXIvDutlZkkBTUeZkxCt HTTP/1.1" 200 661
[06/Aug/2022 12:10:53] "GET /static/core/vendors/js/perfect-scrollbar.min.js.map HTTP/1.1" 404 1891
[06/Aug/2022 12:10:53] "GET /static/core/vendors/progressbar.js/progressbar.min.js.map HTTP/1.1" 404 1909
[06/Aug/2022 12:10:53] "GET /static/core/vendors/mdi/css/materialdesignicons.css.map HTTP/1.1" 404 1903
[06/Aug/2022 12:10:53] "GET /static/core/css/maps/vertical-layout-light/style.css.map HTTP/1.1" 200 1524202
[06/Aug/2022 12:11:27] "GET /analytics/areachart HTTP/1.1" 200 45692
[06/Aug/2022 12:11:27] "GET /static/core/vendors/mdi/css/materialdesignicons.css.map HTTP/1.1" 404 1903
[06/Aug/2022 12:11:27] "GET /static/core/css/maps/vertical-layout-light/style.css.map HTTP/1.1" 200 1524202
[06/Aug/2022 12:11:27] "GET /static/core/vendors/js/perfect-scrollbar.min.js.map HTTP/1.1" 404 1891
[06/Aug/2022 12:11:28] "GET /static/core/vendors/progressbar.js/progressbar.min.js.map HTTP/1.1" 404 1909
D:\Program files D\lib\site-packages\django\db\models\fields\__init__.py:1534: RuntimeWarning: DateTimeField FoodOrder.created_at received a naive datetime (2022-05-31 00:00:00) while time zone support is active.
  warnings.warn(
D:\Program files D\lib\site-packages\django\db\models\fields\__init__.py:1534: RuntimeWarning: DateTimeField FoodOrder.created_at received a naive datetime (2022-06-03 00:00:00) while time zone support is active.
  warnings.warn(
[06/Aug/2022 12:11:28] "GET /api/get-multiareachart-data?csrfmiddlewaretoken=k5oO1ajKoRGsJ7chwhxdJb1AR1po5QwrYNiikyxXahM19PI6fZkfPy1wuIkYRvSR HTTP/1.1" 200 661
[06/Aug/2022 12:11:53] "GET /analytics/areachart HTTP/1.1" 200 45721
[06/Aug/2022 12:11:53] "GET /static/core/vendors/mdi/css/materialdesignicons.css.map HTTP/1.1" 404 1903
[06/Aug/2022 12:11:53] "GET /static/core/css/maps/vertical-layout-light/style.css.map HTTP/1.1" 200 1524202
[06/Aug/2022 12:11:53] "GET /static/core/vendors/js/perfect-scrollbar.min.js.map HTTP/1.1" 404 1891
[06/Aug/2022 12:11:53] "GET /static/core/vendors/progressbar.js/progressbar.min.js.map HTTP/1.1" 404 1909
D:\Program files D\lib\site-packages\django\db\models\fields\__init__.py:1534: RuntimeWarning: DateTimeField FoodOrder.created_at received a naive datetime (2022-05-31 00:00:00) while time zone support is active.
  warnings.warn(
D:\Program files D\lib\site-packages\django\db\models\fields\__init__.py:1534: RuntimeWarning: DateTimeField FoodOrder.created_at received a naive datetime (2022-06-03 00:00:00) while time zone support is active.
  warnings.warn(
[06/Aug/2022 12:11:54] "GET /api/get-multiareachart-data?csrfmiddlewaretoken=6GFZ9Mcuej9iEcfsp1yUmxxDRG90P4joKoztsaqH0JfR4ULh8JlWsUxzun4ABJFO HTTP/1.1" 200 661
[06/Aug/2022 12:13:09] "GET /analytics/areachart HTTP/1.1" 200 45669
D:\Program files D\lib\site-packages\django\db\models\fields\__init__.py:1534: RuntimeWarning: DateTimeField FoodOrder.created_at received a naive datetime (2022-05-31 00:00:00) while time zone support is active.
  warnings.warn(
D:\Program files D\lib\site-packages\django\db\models\fields\__init__.py:1534: RuntimeWarning: DateTimeField FoodOrder.created_at received a naive datetime (2022-06-03 00:00:00) while time zone support is active.
  warnings.warn(
[06/Aug/2022 12:13:10] "GET /api/get-multiareachart-data?csrfmiddlewaretoken=27M91EjY7uJJRffoMuzCaSs2AVfpn8ZkGPGDk2xbTUPihXLdvcmEgfsYdCaZ9NlK HTTP/1.1" 200 657
D:\Program files D\lib\site-packages\django\db\models\fields\__init__.py:1534: RuntimeWarning: DateTimeField FoodOrder.created_at received a naive datetime (2022-08-06 00:00:00) while time zone support is active.
  warnings.warn(
D:\Program files D\lib\site-packages\django\db\models\fields\__init__.py:1534: RuntimeWarning: DateTimeField FoodOrder.created_at received a naive datetime (2022-08-07 00:00:00) while time zone support is active.
  warnings.warn(
[06/Aug/2022 12:13:35] "POST /api/get-multiareachart-data HTTP/1.1" 200 142
D:\Program files D\lib\site-packages\django\db\models\fields\__init__.py:1534: RuntimeWarning: DateTimeField FoodOrder.created_at received a naive datetime (2022-05-31 00:00:00) while time zone support is active.
  warnings.warn(
D:\Program files D\lib\site-packages\django\db\models\fields\__init__.py:1534: RuntimeWarning: DateTimeField FoodOrder.created_at received a naive datetime (2022-06-03 00:00:00) while time zone support is active.
  warnings.warn(
[06/Aug/2022 12:13:46] "GET /api/get-multiareachart-data?csrfmiddlewaretoken=27M91EjY7uJJRffoMuzCaSs2AVfpn8ZkGPGDk2xbTUPihXLdvcmEgfsYdCaZ9NlK HTTP/1.1" 200 657
[06/Aug/2022 12:15:55] "GET /hotel-dashboard/ HTTP/1.1" 200 24167
D:\Program files D\lib\site-packages\django\db\models\fields\__init__.py:1534: RuntimeWarning: DateTimeField FoodOrder.created_at received a naive datetime (2021-04-10 00:00:00) while time zone support is active.
  warnings.warn(
D:\Program files D\lib\site-packages\django\db\models\fields\__init__.py:1534: RuntimeWarning: DateTimeField FoodOrder.created_at received a naive datetime (2022-06-30 00:00:00) while time zone support is active.
  warnings.warn(
[06/Aug/2022 12:15:55] "GET /api/get-linechart-data HTTP/1.1" 200 3670
[06/Aug/2022 12:16:01] "GET /hotel-table HTTP/1.1" 200 18685
[06/Aug/2022 12:16:22] "GET /table-menu HTTP/1.1" 200 223468
[06/Aug/2022 12:16:23] "GET /static/core/js/dashboard.js HTTP/1.1" 304 0
[06/Aug/2022 12:16:23] "GET /static/food_images/pizza.jpeg HTTP/1.1" 304 0
[06/Aug/2022 12:17:05] "GET /hotel-table HTTP/1.1" 200 18683
[06/Aug/2022 12:17:25] "GET /hotel-table HTTP/1.1" 200 18675
[06/Aug/2022 12:18:12] "GET /hotel-table HTTP/1.1" 200 18675
[06/Aug/2022 12:18:28] "GET /hotel-table HTTP/1.1" 200 18687
[06/Aug/2022 12:18:38] "GET /hotel-table HTTP/1.1" 200 18678
[06/Aug/2022 12:18:42] "GET /static/core/vendors/js/perfect-scrollbar.min.js.map HTTP/1.1" 404 1891
[06/Aug/2022 12:18:42] "GET /static/core/vendors/progressbar.js/progressbar.min.js.map HTTP/1.1" 404 1909
[06/Aug/2022 12:18:42] "GET /static/core/vendors/mdi/css/materialdesignicons.css.map HTTP/1.1" 404 1903
[06/Aug/2022 12:18:42] "GET /static/core/css/maps/vertical-layout-light/style.css.map HTTP/1.1" 200 1524202
[06/Aug/2022 12:19:41] "GET /hotel-table HTTP/1.1" 200 18708
[06/Aug/2022 12:19:41] "GET /static/core/vendors/mdi/css/materialdesignicons.css.map HTTP/1.1" 404 1903
[06/Aug/2022 12:19:41] "GET /static/core/css/maps/vertical-layout-light/style.css.map HTTP/1.1" 200 1524202
[06/Aug/2022 12:19:41] "GET /static/core/vendors/js/perfect-scrollbar.min.js.map HTTP/1.1" 404 1891
[06/Aug/2022 12:19:41] "GET /static/core/vendors/progressbar.js/progressbar.min.js.map HTTP/1.1" 404 1909
[06/Aug/2022 12:20:02] "GET /hotel-table HTTP/1.1" 200 18696
[06/Aug/2022 12:20:03] "GET /static/core/vendors/mdi/css/materialdesignicons.css.map HTTP/1.1" 404 1903
[06/Aug/2022 12:20:03] "GET /static/core/css/maps/vertical-layout-light/style.css.map HTTP/1.1" 200 1524202
[06/Aug/2022 12:20:03] "GET /static/core/vendors/js/perfect-scrollbar.min.js.map HTTP/1.1" 404 1891
[06/Aug/2022 12:20:03] "GET /static/core/vendors/progressbar.js/progressbar.min.js.map HTTP/1.1" 404 1909
[06/Aug/2022 12:20:40] "GET /hotel-table HTTP/1.1" 200 18705
[06/Aug/2022 12:20:40] "GET /static/core/vendors/mdi/css/materialdesignicons.css.map HTTP/1.1" 404 1903
[06/Aug/2022 12:20:40] "GET /static/core/css/maps/vertical-layout-light/style.css.map HTTP/1.1" 200 1524202
[06/Aug/2022 12:20:40] "GET /static/core/vendors/js/perfect-scrollbar.min.js.map HTTP/1.1" 404 1891
[06/Aug/2022 12:20:40] "GET /static/core/vendors/progressbar.js/progressbar.min.js.map HTTP/1.1" 404 1909
[06/Aug/2022 12:20:56] "GET /hotel-table HTTP/1.1" 200 18718
[06/Aug/2022 12:20:56] "GET /static/core/vendors/mdi/css/materialdesignicons.css.map HTTP/1.1" 404 1903
[06/Aug/2022 12:20:56] "GET /static/core/css/maps/vertical-layout-light/style.css.map HTTP/1.1" 200 1524202
[06/Aug/2022 12:20:56] "GET /static/core/vendors/js/perfect-scrollbar.min.js.map HTTP/1.1" 404 1891
[06/Aug/2022 12:20:56] "GET /static/core/vendors/progressbar.js/progressbar.min.js.map HTTP/1.1" 404 1909
[06/Aug/2022 12:21:04] "GET /hotel-table HTTP/1.1" 200 18696
[06/Aug/2022 12:21:07] "GET /hotel-dashboard/ HTTP/1.1" 200 24178
D:\Program files D\lib\site-packages\django\db\models\fields\__init__.py:1534: RuntimeWarning: DateTimeField FoodOrder.created_at received a naive datetime (2021-04-10 00:00:00) while time zone support is active.
  warnings.warn(
D:\Program files D\lib\site-packages\django\db\models\fields\__init__.py:1534: RuntimeWarning: DateTimeField FoodOrder.created_at received a naive datetime (2022-06-30 00:00:00) while time zone support is active.
  warnings.warn(
[06/Aug/2022 12:21:08] "GET /api/get-linechart-data HTTP/1.1" 200 3670
[06/Aug/2022 12:21:36] "GET /analytics/areachart HTTP/1.1" 200 45680
D:\Program files D\lib\site-packages\django\db\models\fields\__init__.py:1534: RuntimeWarning: DateTimeField FoodOrder.created_at received a naive datetime (2022-05-31 00:00:00) while time zone support is active.
  warnings.warn(
D:\Program files D\lib\site-packages\django\db\models\fields\__init__.py:1534: RuntimeWarning: DateTimeField FoodOrder.created_at received a naive datetime (2022-06-03 00:00:00) while time zone support is active.
  warnings.warn(
[06/Aug/2022 12:21:37] "GET /api/get-multiareachart-data?csrfmiddlewaretoken=zbac0e39TK9bxFTG9IWoUAUk9bRylvMJdT4GjChmFafKXnpvSqJq0XUgMSM87a89 HTTP/1.1" 200 657
[06/Aug/2022 12:22:22] "GET /static/core/vendors/js/perfect-scrollbar.min.js.map HTTP/1.1" 404 1891
[06/Aug/2022 12:22:22] "GET /static/core/vendors/progressbar.js/progressbar.min.js.map HTTP/1.1" 404 1909
[06/Aug/2022 12:22:22] "GET /static/core/vendors/mdi/css/materialdesignicons.css.map HTTP/1.1" 404 1903
[06/Aug/2022 12:22:22] "GET /static/core/css/maps/vertical-layout-light/style.css.map HTTP/1.1" 200 1524202
[06/Aug/2022 12:23:57] "GET /analytics/areachart HTTP/1.1" 200 45764
[06/Aug/2022 12:23:57] "GET /static/core/vendors/js/perfect-scrollbar.min.js.map HTTP/1.1" 404 1891
[06/Aug/2022 12:23:57] "GET /static/core/vendors/mdi/css/materialdesignicons.css.map HTTP/1.1" 404 1903
[06/Aug/2022 12:23:57] "GET /static/core/css/maps/vertical-layout-light/style.css.map HTTP/1.1" 200 1524202
[06/Aug/2022 12:23:57] "GET /static/core/vendors/progressbar.js/progressbar.min.js.map HTTP/1.1" 404 1909
D:\Program files D\lib\site-packages\django\db\models\fields\__init__.py:1534: RuntimeWarning: DateTimeField FoodOrder.created_at received a naive datetime (2022-05-31 00:00:00) while time zone support is active.
  warnings.warn(
D:\Program files D\lib\site-packages\django\db\models\fields\__init__.py:1534: RuntimeWarning: DateTimeField FoodOrder.created_at received a naive datetime (2022-06-03 00:00:00) while time zone support is active.
  warnings.warn(
[06/Aug/2022 12:23:57] "GET /api/get-multiareachart-data?csrfmiddlewaretoken=WSh6jVCIw3pijgho10UzpXp6MNZrsQooAAbACjQVitvRJYNdKIHBvkp2puU1evKO HTTP/1.1" 200 659
[06/Aug/2022 12:24:50] "GET /analytics/areachart HTTP/1.1" 200 45890
[06/Aug/2022 12:24:50] "GET /static/core/vendors/mdi/css/materialdesignicons.css.map HTTP/1.1" 404 1903
[06/Aug/2022 12:24:50] "GET /static/core/css/maps/vertical-layout-light/style.css.map HTTP/1.1" 200 1524202
[06/Aug/2022 12:24:50] "GET /static/core/vendors/js/perfect-scrollbar.min.js.map HTTP/1.1" 404 1891
[06/Aug/2022 12:24:50] "GET /static/core/vendors/progressbar.js/progressbar.min.js.map HTTP/1.1" 404 1909
D:\Program files D\lib\site-packages\django\db\models\fields\__init__.py:1534: RuntimeWarning: DateTimeField FoodOrder.created_at received a naive datetime (2022-05-31 00:00:00) while time zone support is active.
  warnings.warn(
D:\Program files D\lib\site-packages\django\db\models\fields\__init__.py:1534: RuntimeWarning: DateTimeField FoodOrder.created_at received a naive datetime (2022-06-03 00:00:00) while time zone support is active.
  warnings.warn(
[06/Aug/2022 12:24:51] "GET /api/get-multiareachart-data?csrfmiddlewaretoken=IgkZmNVbG4Lr4gWZ2dBB4BemJzVPMBj5mYetFb9osuR0uYsOLVoDaYeimgQpygFv HTTP/1.1" 200 659
[06/Aug/2022 12:24:55] "GET /order-management HTTP/1.1" 200 100594
[06/Aug/2022 12:24:55] "GET /static/core/vendors/mdi/css/materialdesignicons.css.map HTTP/1.1" 404 1903
[06/Aug/2022 12:24:55] "GET /static/core/css/maps/vertical-layout-light/style.css.map HTTP/1.1" 200 1524202
[06/Aug/2022 12:24:55] "GET /static/core/vendors/js/perfect-scrollbar.min.js.map HTTP/1.1" 404 1891
[06/Aug/2022 12:24:56] "GET /static/core/vendors/progressbar.js/progressbar.min.js.map HTTP/1.1" 404 1909
[06/Aug/2022 12:25:27] "GET /order-management HTTP/1.1" 200 100595
[06/Aug/2022 12:25:27] "GET /static/core/vendors/js/perfect-scrollbar.min.js.map HTTP/1.1" 404 1891
[06/Aug/2022 12:25:27] "GET /static/core/vendors/mdi/css/materialdesignicons.css.map HTTP/1.1" 404 1903
[06/Aug/2022 12:25:27] "GET /static/core/css/maps/vertical-layout-light/style.css.map HTTP/1.1" 200 1524202
[06/Aug/2022 12:25:27] "GET /static/core/vendors/progressbar.js/progressbar.min.js.map HTTP/1.1" 404 1909
[06/Aug/2022 12:26:08] "GET /order-management HTTP/1.1" 200 100628
[06/Aug/2022 12:26:40] "GET /order-management HTTP/1.1" 200 100628
[06/Aug/2022 12:26:59] "GET /analytics/areachart HTTP/1.1" 200 45924
D:\Program files D\lib\site-packages\django\db\models\fields\__init__.py:1534: RuntimeWarning: DateTimeField FoodOrder.created_at received a naive datetime (2022-05-31 00:00:00) while time zone support is active.
  warnings.warn(
D:\Program files D\lib\site-packages\django\db\models\fields\__init__.py:1534: RuntimeWarning: DateTimeField FoodOrder.created_at received a naive datetime (2022-06-03 00:00:00) while time zone support is active.
  warnings.warn(
[06/Aug/2022 12:27:00] "GET /api/get-multiareachart-data?csrfmiddlewaretoken=m20VZF0FOjyNmeuGtRHJqXSe6AqZuHlT0KUpi3eSAJEmMW0vczuLwkSaJhlzgmHj HTTP/1.1" 200 661
[06/Aug/2022 12:27:07] "GET /analytics/areachart HTTP/1.1" 200 45891
D:\Program files D\lib\site-packages\django\db\models\fields\__init__.py:1534: RuntimeWarning: DateTimeField FoodOrder.created_at received a naive datetime (2022-05-31 00:00:00) while time zone support is active.
  warnings.warn(
D:\Program files D\lib\site-packages\django\db\models\fields\__init__.py:1534: RuntimeWarning: DateTimeField FoodOrder.created_at received a naive datetime (2022-06-03 00:00:00) while time zone support is active.
  warnings.warn(
[06/Aug/2022 12:27:08] "GET /api/get-multiareachart-data?csrfmiddlewaretoken=eYVtMA96Jrbu8GBAZNZaP6D3BvzfzqL8SGPX5YnjvRh3yo7pIvMcVtDZecuPl57y HTTP/1.1" 200 659
[06/Aug/2022 12:27:28] "GET /analytics/areachart HTTP/1.1" 200 45891
D:\Program files D\lib\site-packages\django\db\models\fields\__init__.py:1534: RuntimeWarning: DateTimeField FoodOrder.created_at received a naive datetime (2022-05-31 00:00:00) while time zone support is active.
  warnings.warn(
D:\Program files D\lib\site-packages\django\db\models\fields\__init__.py:1534: RuntimeWarning: DateTimeField FoodOrder.created_at received a naive datetime (2022-06-03 00:00:00) while time zone support is active.
  warnings.warn(
[06/Aug/2022 12:27:28] "GET /api/get-multiareachart-data?csrfmiddlewaretoken=QYltQ0ygAZFxOiZaCrbxs8OCjsEyeyDwuGfX9oMtmpL6e0vZl9YzyvOyW9z80dZW HTTP/1.1" 200 657
[06/Aug/2022 12:28:46] "GET /analytics/areachart HTTP/1.1" 200 45915
D:\Program files D\lib\site-packages\django\db\models\fields\__init__.py:1534: RuntimeWarning: DateTimeField FoodOrder.created_at received a naive datetime (2022-05-31 00:00:00) while time zone support is active.
  warnings.warn(
D:\Program files D\lib\site-packages\django\db\models\fields\__init__.py:1534: RuntimeWarning: DateTimeField FoodOrder.created_at received a naive datetime (2022-06-03 00:00:00) while time zone support is active.
  warnings.warn(
[06/Aug/2022 12:28:46] "GET /api/get-multiareachart-data?csrfmiddlewaretoken=iI6QnUNrvD451vgVA2R8SDBRVsENQ08BWq0kGi1Eh3aErdMKjKEaY0BNy9znCFu1 HTTP/1.1" 200 655
[06/Aug/2022 12:28:59] "GET /static/core/vendors/js/perfect-scrollbar.min.js.map HTTP/1.1" 404 1891
[06/Aug/2022 12:28:59] "GET /static/core/vendors/progressbar.js/progressbar.min.js.map HTTP/1.1" 404 1909
[06/Aug/2022 12:28:59] "GET /static/core/vendors/mdi/css/materialdesignicons.css.map HTTP/1.1" 404 1903
[06/Aug/2022 12:28:59] "GET /static/core/css/maps/vertical-layout-light/style.css.map HTTP/1.1" 200 1524202
D:\Program files D\lib\site-packages\django\db\models\fields\__init__.py:1534: RuntimeWarning: DateTimeField FoodOrder.created_at received a naive datetime (2022-05-31 00:00:00) while time zone support is active.
  warnings.warn(
D:\Program files D\lib\site-packages\django\db\models\fields\__init__.py:1534: RuntimeWarning: DateTimeField FoodOrder.created_at received a naive datetime (2022-06-03 00:00:00) while time zone support is active.
  warnings.warn(
[06/Aug/2022 12:38:35] "GET /api/get-multiareachart-data?csrfmiddlewaretoken=iI6QnUNrvD451vgVA2R8SDBRVsENQ08BWq0kGi1Eh3aErdMKjKEaY0BNy9znCFu1 HTTP/1.1" 200 657
D:\Program files D\lib\site-packages\django\db\models\fields\__init__.py:1534: RuntimeWarning: DateTimeField FoodOrder.created_at received a naive datetime (2022-05-31 00:00:00) while time zone support is active.
  warnings.warn(
D:\Program files D\lib\site-packages\django\db\models\fields\__init__.py:1534: RuntimeWarning: DateTimeField FoodOrder.created_at received a naive datetime (2022-08-07 00:00:00) while time zone support is active.
  warnings.warn(
[06/Aug/2022 12:38:46] "POST /api/get-multiareachart-data HTTP/1.1" 200 4556
[06/Aug/2022 12:38:57] "GET /analytics/barchart HTTP/1.1" 200 42743
D:\Program files D\lib\site-packages\django\db\models\fields\__init__.py:1534: RuntimeWarning: DateTimeField FoodOrder.created_at received a naive datetime (2022-04-10 00:00:00) while time zone support is active.
  warnings.warn(
D:\Program files D\lib\site-packages\django\db\models\fields\__init__.py:1534: RuntimeWarning: DateTimeField FoodOrder.created_at received a naive datetime (2022-06-10 00:00:00) while time zone support is active.
  warnings.warn(
[06/Aug/2022 12:38:59] "GET /api/get-barchart-data?csrfmiddlewaretoken=T45K4S0K0bZJHHkcFjqtaiBLhXgl7zx0xMZengeXMB5i7pQ1o1dvgFBHUEbVTeTq HTTP/1.1" 200 2862
D:\Program files D\lib\site-packages\django\db\models\fields\__init__.py:1534: RuntimeWarning: DateTimeField FoodOrder.created_at received a naive datetime (2022-07-30 00:00:00) while time zone support is active.
  warnings.warn(
D:\Program files D\lib\site-packages\django\db\models\fields\__init__.py:1534: RuntimeWarning: DateTimeField FoodOrder.created_at received a naive datetime (2022-08-06 00:00:00) while time zone support is active.
  warnings.warn(
[06/Aug/2022 12:39:05] "POST /api/get-barchart-data HTTP/1.1" 200 93
[06/Aug/2022 12:39:11] "GET /analytics/areachart HTTP/1.1" 200 45915
D:\Program files D\lib\site-packages\django\db\models\fields\__init__.py:1534: RuntimeWarning: DateTimeField FoodOrder.created_at received a naive datetime (2022-05-31 00:00:00) while time zone support is active.
  warnings.warn(
D:\Program files D\lib\site-packages\django\db\models\fields\__init__.py:1534: RuntimeWarning: DateTimeField FoodOrder.created_at received a naive datetime (2022-06-03 00:00:00) while time zone support is active.
  warnings.warn(
[06/Aug/2022 12:39:12] "GET /api/get-multiareachart-data?csrfmiddlewaretoken=YTaMV1WmrrQVKuQISAC4FdZH4B0QGFUYCB4gepazdRWuacmxBip6LAZDHiVqskgo HTTP/1.1" 200 659
[06/Aug/2022 12:39:17] "GET /hotel-dashboard/ HTTP/1.1" 200 24389
D:\Program files D\lib\site-packages\django\db\models\fields\__init__.py:1534: RuntimeWarning: DateTimeField FoodOrder.created_at received a naive datetime (2021-04-10 00:00:00) while time zone support is active.
  warnings.warn(
D:\Program files D\lib\site-packages\django\db\models\fields\__init__.py:1534: RuntimeWarning: DateTimeField FoodOrder.created_at received a naive datetime (2022-06-30 00:00:00) while time zone support is active.
  warnings.warn(
[06/Aug/2022 12:39:17] "GET /api/get-linechart-data HTTP/1.1" 200 3670
[06/Aug/2022 12:39:20] "GET /hotel-table HTTP/1.1" 200 18907
[06/Aug/2022 12:39:26] "GET /order-management HTTP/1.1" 200 100595
[06/Aug/2022 12:39:39] "GET /order-management/analytic-mode HTTP/1.1" 200 300921
[06/Aug/2022 12:39:39] "GET /static/core/js/datepicker.min.js HTTP/1.1" 404 1834
[06/Aug/2022 12:41:26] "GET /order-management/analytic-mode HTTP/1.1" 200 300753
[06/Aug/2022 12:41:26] "GET /static/core/js/datepicker.min.js HTTP/1.1" 404 1834
[06/Aug/2022 12:41:55] "GET /order-management HTTP/1.1" 200 100595
[06/Aug/2022 12:42:08] "GET /table-menu HTTP/1.1" 200 223468
[06/Aug/2022 12:42:12] "GET /analytics/areachart HTTP/1.1" 200 45915
D:\Program files D\lib\site-packages\django\db\models\fields\__init__.py:1534: RuntimeWarning: DateTimeField FoodOrder.created_at received a naive datetime (2022-05-31 00:00:00) while time zone support is active.
  warnings.warn(
D:\Program files D\lib\site-packages\django\db\models\fields\__init__.py:1534: RuntimeWarning: DateTimeField FoodOrder.created_at received a naive datetime (2022-06-03 00:00:00) while time zone support is active.
  warnings.warn(
[06/Aug/2022 12:42:13] "GET /api/get-multiareachart-data?csrfmiddlewaretoken=MesO7RUkAGGjBwzcZvBoDLqviCT31WP4qWmiqf8xm6MS1e51IdoqJ8qrVjODNBbu HTTP/1.1" 200 655
[06/Aug/2022 12:42:15] "GET /analytics/areachart HTTP/1.1" 200 45915
D:\Program files D\lib\site-packages\django\db\models\fields\__init__.py:1534: RuntimeWarning: DateTimeField FoodOrder.created_at received a naive datetime (2022-05-31 00:00:00) while time zone support is active.
  warnings.warn(
D:\Program files D\lib\site-packages\django\db\models\fields\__init__.py:1534: RuntimeWarning: DateTimeField FoodOrder.created_at received a naive datetime (2022-06-03 00:00:00) while time zone support is active.
  warnings.warn(
[06/Aug/2022 12:42:16] "GET /api/get-multiareachart-data?csrfmiddlewaretoken=kMdlxIVRlRIZiafpgq3ZOhtSTb1rCeXpYu7PQ6947hOyISLeZ8Q1UEtOwSW1oTjP HTTP/1.1" 200 655
[06/Aug/2022 12:42:18] "GET /analytics/areachart HTTP/1.1" 200 45915
D:\Program files D\lib\site-packages\django\db\models\fields\__init__.py:1534: RuntimeWarning: DateTimeField FoodOrder.created_at received a naive datetime (2022-05-31 00:00:00) while time zone support is active.
  warnings.warn(
D:\Program files D\lib\site-packages\django\db\models\fields\__init__.py:1534: RuntimeWarning: DateTimeField FoodOrder.created_at received a naive datetime (2022-06-03 00:00:00) while time zone support is active.
  warnings.warn(
[06/Aug/2022 12:42:19] "GET /api/get-multiareachart-data?csrfmiddlewaretoken=cPqEq98gVHbtldR0JPkdDbmaBbeOEHzDQxk8JxmtH7h2LVnPsx7fJym6eS9oqmV3 HTTP/1.1" 200 653
